CRF++: Yet Another CRF Tool Kit
Copyright (C) 2005-2013 Taku Kudo, All rights reserved.

reading training data: 100.. 200.. 300.. 400.. 500.. 600.. 700.. 800.. 900.. 1000.. 1100.. 1200.. 1300.. 1400.. 1500.. 1600.. 1700.. 1800.. 1900.. 2000.. 2100.. 2200.. 2300.. 2400.. 2500.. 2600.. 2700.. 2800.. 2900.. 3000.. 3100.. 3200.. 3300.. 3400.. 3500.. 3600.. 3700.. 3800.. 3900.. 4000.. 4100.. 4200.. 4300.. 4400.. 4500.. 4600.. 4700.. 4800.. 4900.. 5000.. 5100.. 5200.. 5300.. 5400.. 5500.. 5600.. 5700.. 5800.. 5900.. 6000.. 6100.. 6200.. 6300.. 6400.. 6500.. 6600.. 6700.. 6800.. 6900.. 7000.. 7100.. 7200.. 7300.. 7400.. 7500.. 7600.. 7700.. 7800.. 7900.. 8000.. 8100.. 8200.. 8300.. 8400.. 8500.. 8600.. 8700.. 8800.. 8900.. 9000.. 9100.. 9200.. 9300.. 9400.. 
Done!2.51 s

Number of sentences: 9450
Number of features:  1017940
Number of thread(s): 56
Freq:                1
eta:                 0.00010
C:                   1.00000
shrinking size:      20
iter=0 terr=0.96873 serr=1.00000 act=1017940 obj=538290.99475 diff=1.00000
iter=1 terr=0.19540 serr=0.74074 act=1017940 obj=309795.71948 diff=0.42448
iter=2 terr=0.19540 serr=0.74074 act=1017940 obj=396319.89764 diff=0.27929
iter=3 terr=0.19540 serr=0.74074 act=1017940 obj=196348.98593 diff=0.50457
iter=4 terr=0.19540 serr=0.74074 act=1017940 obj=181926.71046 diff=0.07345
iter=5 terr=0.19540 serr=0.74074 act=1017940 obj=170513.56316 diff=0.06273
iter=6 terr=0.19540 serr=0.74074 act=1017940 obj=166185.06917 diff=0.02539
iter=7 terr=0.19540 serr=0.74074 act=1017940 obj=154852.34590 diff=0.06819
iter=8 terr=0.19540 serr=0.74074 act=1017940 obj=138959.31471 diff=0.10263
iter=9 terr=0.19540 serr=0.74074 act=1017940 obj=129721.66843 diff=0.06648
iter=10 terr=0.19540 serr=0.74074 act=1017940 obj=124627.94631 diff=0.03927
iter=11 terr=0.19540 serr=0.74074 act=1017940 obj=122436.99147 diff=0.01758
iter=12 terr=0.19540 serr=0.74074 act=1017940 obj=120132.22686 diff=0.01882
iter=13 terr=0.19540 serr=0.74074 act=1017940 obj=117200.15435 diff=0.02441
iter=14 terr=0.19540 serr=0.74074 act=1017940 obj=113155.46248 diff=0.03451
iter=15 terr=0.19542 serr=0.74074 act=1017940 obj=93176.09652 diff=0.17657
iter=16 terr=0.19543 serr=0.74095 act=1017940 obj=88901.74672 diff=0.04587
iter=17 terr=0.55680 serr=0.80074 act=1017940 obj=94366.57763 diff=0.06147
iter=18 terr=0.19581 serr=0.74307 act=1017940 obj=86168.36258 diff=0.08688
iter=19 terr=0.19599 serr=0.74635 act=1017940 obj=83860.13958 diff=0.02679
iter=20 terr=0.20457 serr=0.74847 act=1017940 obj=84855.26561 diff=0.01187
iter=21 terr=0.19557 serr=0.74624 act=1017940 obj=81935.48252 diff=0.03441
iter=22 terr=0.19632 serr=0.75249 act=1017940 obj=79250.95076 diff=0.03276
iter=23 terr=0.19968 serr=0.75937 act=1017940 obj=76622.03334 diff=0.03317
iter=24 terr=0.19650 serr=0.74709 act=1017940 obj=75713.08239 diff=0.01186
iter=25 terr=0.19582 serr=0.74466 act=1017940 obj=75421.48168 diff=0.00385
iter=26 terr=0.19494 serr=0.74212 act=1017940 obj=74783.41787 diff=0.00846
iter=27 terr=0.19530 serr=0.74106 act=1017940 obj=75311.06292 diff=0.00706
iter=28 terr=0.19492 serr=0.74138 act=1017940 obj=74547.55517 diff=0.01014
iter=29 terr=0.19520 serr=0.74106 act=1017940 obj=73962.45499 diff=0.00785
iter=30 terr=0.19493 serr=0.74042 act=1017940 obj=73115.72423 diff=0.01145
iter=31 terr=0.19497 serr=0.74138 act=1017940 obj=72685.93758 diff=0.00588
iter=32 terr=0.19414 serr=0.74709 act=1017940 obj=72591.15501 diff=0.00130
iter=33 terr=0.19382 serr=0.74275 act=1017940 obj=71573.81109 diff=0.01401
iter=34 terr=0.19367 serr=0.74275 act=1017940 obj=71165.35822 diff=0.00571
iter=35 terr=0.19341 serr=0.74296 act=1017940 obj=70622.74733 diff=0.00762
iter=36 terr=0.19339 serr=0.74307 act=1017940 obj=70085.89404 diff=0.00760
iter=37 terr=0.19803 serr=0.74741 act=1017940 obj=70697.81172 diff=0.00873
iter=38 terr=0.19341 serr=0.74349 act=1017940 obj=69919.19342 diff=0.01101
iter=39 terr=0.19451 serr=0.74487 act=1017940 obj=69633.70745 diff=0.00408
iter=40 terr=0.19425 serr=0.74444 act=1017940 obj=69514.98219 diff=0.00170
iter=41 terr=0.19314 serr=0.74508 act=1017940 obj=69152.01878 diff=0.00522
iter=42 terr=0.19267 serr=0.74466 act=1017940 obj=68735.53845 diff=0.00602
iter=43 terr=0.19151 serr=0.74381 act=1017940 obj=68151.58808 diff=0.00850
iter=44 terr=0.19136 serr=0.74074 act=1017940 obj=66631.80078 diff=0.02230
iter=45 terr=0.19639 serr=0.74392 act=1017940 obj=66490.76154 diff=0.00212
iter=46 terr=0.19204 serr=0.74201 act=1017940 obj=66171.49511 diff=0.00480
iter=47 terr=0.19268 serr=0.73968 act=1017940 obj=65835.69904 diff=0.00507
iter=48 terr=0.19261 serr=0.73958 act=1017940 obj=65665.80196 diff=0.00258
iter=49 terr=0.19289 serr=0.73979 act=1017940 obj=65446.10488 diff=0.00335
iter=50 terr=0.19328 serr=0.73947 act=1017940 obj=65038.49488 diff=0.00623
iter=51 terr=0.19285 serr=0.73989 act=1017940 obj=64452.48809 diff=0.00901
iter=52 terr=0.19151 serr=0.74275 act=1017940 obj=63629.80094 diff=0.01276
iter=53 terr=0.18839 serr=0.74074 act=1017940 obj=63292.39368 diff=0.00530
iter=54 terr=0.18801 serr=0.73958 act=1017940 obj=62943.90371 diff=0.00551
iter=55 terr=0.18766 serr=0.73968 act=1017940 obj=62832.90829 diff=0.00176
iter=56 terr=0.18710 serr=0.73958 act=1017940 obj=62591.98285 diff=0.00383
iter=57 terr=0.18593 serr=0.73989 act=1017940 obj=62074.97172 diff=0.00826
iter=58 terr=0.18488 serr=0.74032 act=1017940 obj=61634.15419 diff=0.00710
iter=59 terr=0.18638 serr=0.74497 act=1017940 obj=61530.12879 diff=0.00169
iter=60 terr=0.18359 serr=0.73884 act=1017940 obj=61125.34982 diff=0.00658
iter=61 terr=0.18396 serr=0.73905 act=1017940 obj=61004.68093 diff=0.00197
iter=62 terr=0.83777 serr=0.89407 act=1017940 obj=143846.06174 diff=1.35795
iter=63 terr=0.18384 serr=0.73894 act=1017940 obj=60790.18753 diff=0.57739
iter=64 terr=0.18320 serr=0.73767 act=1017940 obj=60044.57269 diff=0.01227
iter=65 terr=0.18252 serr=0.73725 act=1017940 obj=59636.92329 diff=0.00679
iter=66 terr=0.18045 serr=0.73545 act=1017940 obj=59064.92624 diff=0.00959
iter=67 terr=0.17973 serr=0.73365 act=1017940 obj=59101.14083 diff=0.00061
iter=68 terr=0.17995 serr=0.73587 act=1017940 obj=58874.32511 diff=0.00384
iter=69 terr=0.17821 serr=0.73503 act=1017940 obj=58545.86710 diff=0.00558
iter=70 terr=0.17757 serr=0.73513 act=1017940 obj=58331.36221 diff=0.00366
iter=71 terr=0.17668 serr=0.73386 act=1017940 obj=58003.49924 diff=0.00562
iter=72 terr=0.17508 serr=0.73407 act=1017940 obj=57684.09125 diff=0.00551
iter=73 terr=0.18587 serr=0.74402 act=1017940 obj=58690.59155 diff=0.01745
iter=74 terr=0.17561 serr=0.73577 act=1017940 obj=57491.47664 diff=0.02043
iter=75 terr=0.17410 serr=0.73619 act=1017940 obj=57159.24355 diff=0.00578
iter=76 terr=0.17319 serr=0.73767 act=1017940 obj=56788.58471 diff=0.00648
iter=77 terr=0.17291 serr=0.73852 act=1017940 obj=56344.51635 diff=0.00782
iter=78 terr=0.17627 serr=0.74349 act=1017940 obj=56055.81163 diff=0.00512
iter=79 terr=0.17344 serr=0.73630 act=1017940 obj=55669.56056 diff=0.00689
iter=80 terr=0.17335 serr=0.73471 act=1017940 obj=55554.78261 diff=0.00206
iter=81 terr=0.17292 serr=0.73407 act=1017940 obj=55425.35827 diff=0.00233
iter=82 terr=0.17059 serr=0.73122 act=1017940 obj=54951.22124 diff=0.00855
iter=83 terr=0.17018 serr=0.72899 act=1017940 obj=55456.12097 diff=0.00919
iter=84 terr=0.17021 serr=0.73048 act=1017940 obj=54823.66728 diff=0.01140
iter=85 terr=0.16884 serr=0.73069 act=1017940 obj=54526.63046 diff=0.00542
iter=86 terr=0.16758 serr=0.72974 act=1017940 obj=54366.03395 diff=0.00295
iter=87 terr=0.16725 serr=0.73016 act=1017940 obj=54165.01499 diff=0.00370
iter=88 terr=0.16680 serr=0.72688 act=1017940 obj=53661.69350 diff=0.00929
iter=89 terr=0.16659 serr=0.72698 act=1017940 obj=53380.73695 diff=0.00524
iter=90 terr=0.16694 serr=0.72497 act=1017940 obj=53178.10182 diff=0.00380
iter=91 terr=0.16665 serr=0.72434 act=1017940 obj=53044.49811 diff=0.00251
iter=92 terr=0.16534 serr=0.72032 act=1017940 obj=52668.13392 diff=0.00710
iter=93 terr=0.16399 serr=0.71852 act=1017940 obj=52358.60115 diff=0.00588
iter=94 terr=0.16482 serr=0.72317 act=1017940 obj=52711.44779 diff=0.00674
iter=95 terr=0.16304 serr=0.71926 act=1017940 obj=52224.75884 diff=0.00923
iter=96 terr=0.16204 serr=0.71566 act=1017940 obj=52018.50405 diff=0.00395
iter=97 terr=0.16088 serr=0.71661 act=1017940 obj=51861.01394 diff=0.00303
iter=98 terr=0.16046 serr=0.71577 act=1017940 obj=51424.52626 diff=0.00842
iter=99 terr=0.16222 serr=0.71799 act=1017940 obj=50730.97962 diff=0.01349
iter=100 terr=0.16191 serr=0.71640 act=1017940 obj=50233.92783 diff=0.00980
iter=101 terr=0.16074 serr=0.71556 act=1017940 obj=50060.69477 diff=0.00345
iter=102 terr=0.16052 serr=0.71397 act=1017940 obj=49910.79049 diff=0.00299
iter=103 terr=0.15902 serr=0.71312 act=1017940 obj=49669.02539 diff=0.00484
iter=104 terr=0.15833 serr=0.71217 act=1017940 obj=49463.56953 diff=0.00414
iter=105 terr=0.15705 serr=0.71005 act=1017940 obj=49124.49383 diff=0.00686
iter=106 terr=0.15609 serr=0.70720 act=1017940 obj=48799.56675 diff=0.00661
iter=107 terr=0.15477 serr=0.70476 act=1017940 obj=48319.24248 diff=0.00984
iter=108 terr=0.15456 serr=0.70190 act=1017940 obj=48272.32128 diff=0.00097
iter=109 terr=0.15399 serr=0.70254 act=1017940 obj=48123.98408 diff=0.00307
iter=110 terr=0.15245 serr=0.70159 act=1017940 obj=47927.06591 diff=0.00409
iter=111 terr=0.16215 serr=0.71132 act=1017940 obj=48280.12002 diff=0.00737
iter=112 terr=0.15475 serr=0.70275 act=1017940 obj=47861.99961 diff=0.00866
iter=113 terr=0.15385 serr=0.70233 act=1017940 obj=47786.01778 diff=0.00159
iter=114 terr=0.15402 serr=0.70328 act=1017940 obj=47742.79623 diff=0.00090
iter=115 terr=0.15327 serr=0.70180 act=1017940 obj=47584.23497 diff=0.00332
iter=116 terr=0.15279 serr=0.70286 act=1017940 obj=47352.21204 diff=0.00488
iter=117 terr=0.15227 serr=0.70180 act=1017940 obj=47173.06193 diff=0.00378
iter=118 terr=0.15400 serr=0.70381 act=1017940 obj=47006.64595 diff=0.00353
iter=119 terr=0.15237 serr=0.70021 act=1017940 obj=46800.03235 diff=0.00440
iter=120 terr=0.14966 serr=0.69598 act=1017940 obj=46539.37933 diff=0.00557
iter=121 terr=0.14826 serr=0.69312 act=1017940 obj=46315.22819 diff=0.00482
iter=122 terr=0.14835 serr=0.69460 act=1017940 obj=46079.89889 diff=0.00508
iter=123 terr=0.14589 serr=0.69418 act=1017940 obj=45826.16516 diff=0.00551
iter=124 terr=0.14870 serr=0.69630 act=1017940 obj=45629.72249 diff=0.00429
iter=125 terr=0.14736 serr=0.69513 act=1017940 obj=45436.28857 diff=0.00424
iter=126 terr=0.14320 serr=0.68995 act=1017940 obj=45061.46248 diff=0.00825
iter=127 terr=0.14277 serr=0.68910 act=1017940 obj=44935.46414 diff=0.00280
iter=128 terr=0.14145 serr=0.68540 act=1017940 obj=44611.96704 diff=0.00720
iter=129 terr=0.14404 serr=0.68476 act=1017940 obj=44482.54204 diff=0.00290
iter=130 terr=0.13777 serr=0.68063 act=1017940 obj=44184.79406 diff=0.00669
iter=131 terr=0.13935 serr=0.68317 act=1017940 obj=44045.71759 diff=0.00315
iter=132 terr=0.14046 serr=0.68243 act=1017940 obj=43979.18947 diff=0.00151
iter=133 terr=0.14133 serr=0.68423 act=1017940 obj=43880.19998 diff=0.00225
iter=134 terr=0.13985 serr=0.68296 act=1017940 obj=43564.39059 diff=0.00720
iter=135 terr=0.14060 serr=0.68392 act=1017940 obj=43238.34062 diff=0.00748
iter=136 terr=0.13515 serr=0.67937 act=1017940 obj=43031.70599 diff=0.00478
iter=137 terr=0.13452 serr=0.67788 act=1017940 obj=42930.18935 diff=0.00236
iter=138 terr=0.13342 serr=0.67513 act=1017940 obj=42836.29527 diff=0.00219
iter=139 terr=0.13372 serr=0.67566 act=1017940 obj=42735.42121 diff=0.00235
iter=140 terr=0.13278 serr=0.67228 act=1017940 obj=42449.08540 diff=0.00670
iter=141 terr=0.13052 serr=0.66847 act=1017940 obj=42124.99461 diff=0.00763
iter=142 terr=0.13890 serr=0.66656 act=1017940 obj=43447.22257 diff=0.03139
iter=143 terr=0.12869 serr=0.66635 act=1017940 obj=42010.80652 diff=0.03306
iter=144 terr=0.13125 serr=0.66847 act=1017940 obj=41735.20689 diff=0.00656
iter=145 terr=0.12584 serr=0.66307 act=1017940 obj=41597.96868 diff=0.00329
iter=146 terr=0.12729 serr=0.66529 act=1017940 obj=41536.49839 diff=0.00148
iter=147 terr=0.12780 serr=0.66550 act=1017940 obj=41476.77509 diff=0.00144
iter=148 terr=0.12772 serr=0.66317 act=1017940 obj=41259.48112 diff=0.00524
iter=149 terr=0.12816 serr=0.66053 act=1017940 obj=40948.45124 diff=0.00754
iter=150 terr=0.11874 serr=0.65196 act=1017940 obj=41499.68850 diff=0.01346
iter=151 terr=0.12420 serr=0.65693 act=1017940 obj=40830.88003 diff=0.01612
iter=152 terr=0.12370 serr=0.65397 act=1017940 obj=40693.25710 diff=0.00337
iter=153 terr=0.12061 serr=0.64836 act=1017940 obj=40569.55006 diff=0.00304
iter=154 terr=0.11979 serr=0.64698 act=1017940 obj=40401.27605 diff=0.00415
iter=155 terr=0.11714 serr=0.64381 act=1017940 obj=39893.61308 diff=0.01257
iter=156 terr=0.11724 serr=0.64402 act=1017940 obj=39535.89014 diff=0.00897
iter=157 terr=0.11563 serr=0.64159 act=1017940 obj=39358.08047 diff=0.00450
iter=158 terr=0.11832 serr=0.64561 act=1017940 obj=39263.21852 diff=0.00241
iter=159 terr=0.11618 serr=0.64360 act=1017940 obj=39177.59797 diff=0.00218
iter=160 terr=0.11535 serr=0.64275 act=1017940 obj=39142.54090 diff=0.00089
iter=161 terr=0.11495 serr=0.64127 act=1017940 obj=39108.32796 diff=0.00087
iter=162 terr=0.11501 serr=0.63947 act=1017940 obj=38947.24245 diff=0.00412
iter=163 terr=0.12244 serr=0.64635 act=1017940 obj=39507.77292 diff=0.01439
iter=164 terr=0.11629 serr=0.64000 act=1017940 obj=38853.75402 diff=0.01655
iter=165 terr=0.11574 serr=0.64011 act=1017940 obj=38728.45553 diff=0.00322
iter=166 terr=0.11353 serr=0.63566 act=1017940 obj=38471.98932 diff=0.00662
iter=167 terr=0.12365 serr=0.64921 act=1017940 obj=38873.30826 diff=0.01043
iter=168 terr=0.11579 serr=0.63841 act=1017940 obj=38391.25824 diff=0.01240
iter=169 terr=0.11276 serr=0.63312 act=1017940 obj=38249.59108 diff=0.00369
iter=170 terr=0.11130 serr=0.63090 act=1017940 obj=38132.39517 diff=0.00306
iter=171 terr=0.10838 serr=0.62571 act=1017940 obj=38006.80848 diff=0.00329
iter=172 terr=0.10876 serr=0.62339 act=1017940 obj=37923.23238 diff=0.00220
iter=173 terr=0.10937 serr=0.62413 act=1017940 obj=37873.86265 diff=0.00130
iter=174 terr=0.10986 serr=0.62487 act=1017940 obj=37697.88798 diff=0.00465
iter=175 terr=0.11212 serr=0.62762 act=1017940 obj=37542.88885 diff=0.00411
iter=176 terr=0.10930 serr=0.62317 act=1017940 obj=37293.53883 diff=0.00664
iter=177 terr=0.10637 serr=0.61905 act=1017940 obj=37086.45984 diff=0.00555
iter=178 terr=0.10446 serr=0.61630 act=1017940 obj=36954.22689 diff=0.00357
iter=179 terr=0.10429 serr=0.61439 act=1017940 obj=36827.58965 diff=0.00343
iter=180 terr=0.10128 serr=0.60984 act=1017940 obj=36836.83637 diff=0.00025
iter=181 terr=0.10228 serr=0.61153 act=1017940 obj=36767.97641 diff=0.00187
iter=182 terr=0.10381 serr=0.61365 act=1017940 obj=36709.96735 diff=0.00158
iter=183 terr=0.10449 serr=0.61354 act=1017940 obj=36660.89149 diff=0.00134
iter=184 terr=0.10420 serr=0.61312 act=1017940 obj=36577.53114 diff=0.00227
iter=185 terr=0.10225 serr=0.60952 act=1017940 obj=36384.46516 diff=0.00528
iter=186 terr=0.10366 serr=0.61185 act=1017940 obj=36277.04242 diff=0.00295
iter=187 terr=0.10286 serr=0.61196 act=1017940 obj=36178.52498 diff=0.00272
iter=188 terr=0.09974 serr=0.60455 act=1017940 obj=37208.66850 diff=0.02847
iter=189 terr=0.09861 serr=0.60296 act=1017940 obj=36077.87911 diff=0.03039
iter=190 terr=0.09815 serr=0.60212 act=1017940 obj=35954.39680 diff=0.00342
iter=191 terr=0.09832 serr=0.60328 act=1017940 obj=35844.38314 diff=0.00306
iter=192 terr=0.09762 serr=0.60169 act=1017940 obj=35735.74080 diff=0.00303
iter=193 terr=0.09776 serr=0.60063 act=1017940 obj=35661.76225 diff=0.00207
iter=194 terr=0.09637 serr=0.59661 act=1017940 obj=35504.54559 diff=0.00441
iter=195 terr=0.09253 serr=0.58815 act=1017940 obj=35262.09033 diff=0.00683
iter=196 terr=0.10354 serr=0.60063 act=1017940 obj=35580.61553 diff=0.00903
iter=197 terr=0.09525 serr=0.59079 act=1017940 obj=35197.91659 diff=0.01076
iter=198 terr=0.09331 serr=0.58667 act=1017940 obj=35125.59238 diff=0.00205
iter=199 terr=0.09291 serr=0.58614 act=1017940 obj=35095.95740 diff=0.00084
iter=200 terr=0.09254 serr=0.58550 act=1017940 obj=35059.20019 diff=0.00105
iter=201 terr=0.09178 serr=0.58413 act=1017940 obj=34950.17661 diff=0.00311
iter=202 terr=0.09095 serr=0.58222 act=1017940 obj=34790.13628 diff=0.00458
iter=203 terr=0.09328 serr=0.58593 act=1017940 obj=34751.99948 diff=0.00110
iter=204 terr=0.08755 serr=0.57376 act=1017940 obj=34598.03012 diff=0.00443
iter=205 terr=0.08893 serr=0.57714 act=1017940 obj=34490.14437 diff=0.00312
iter=206 terr=0.08939 serr=0.57640 act=1017940 obj=34464.36315 diff=0.00075
iter=207 terr=0.08929 serr=0.57492 act=1017940 obj=34424.49280 diff=0.00116
iter=208 terr=0.08931 serr=0.57376 act=1017940 obj=34357.22307 diff=0.00195
iter=209 terr=0.08841 serr=0.56878 act=1017940 obj=34204.55048 diff=0.00444
iter=210 terr=0.08382 serr=0.56392 act=1017940 obj=34464.53820 diff=0.00760
iter=211 terr=0.08601 serr=0.56190 act=1017940 obj=34142.48026 diff=0.00934
iter=212 terr=0.08643 serr=0.56275 act=1017940 obj=34040.09296 diff=0.00300
iter=213 terr=0.08291 serr=0.55989 act=1017940 obj=34061.41063 diff=0.00063
iter=214 terr=0.08429 serr=0.56138 act=1017940 obj=33978.34626 diff=0.00244
iter=215 terr=0.08480 serr=0.56212 act=1017940 obj=33925.04242 diff=0.00157
iter=216 terr=0.08496 serr=0.56222 act=1017940 obj=33854.80289 diff=0.00207
iter=217 terr=0.08374 serr=0.56095 act=1017940 obj=33726.80760 diff=0.00378
iter=218 terr=0.08980 serr=0.57344 act=1017940 obj=33970.01752 diff=0.00721
iter=219 terr=0.08472 serr=0.56286 act=1017940 obj=33677.91497 diff=0.00860
iter=220 terr=0.08383 serr=0.56074 act=1017940 obj=33620.29012 diff=0.00171
iter=221 terr=0.08323 serr=0.56000 act=1017940 obj=33567.92521 diff=0.00156
iter=222 terr=0.08097 serr=0.55524 act=1017940 obj=34144.76251 diff=0.01718
iter=223 terr=0.08205 serr=0.55693 act=1017940 obj=33546.69361 diff=0.01752
iter=224 terr=0.08201 serr=0.55640 act=1017940 obj=33519.63544 diff=0.00081
iter=225 terr=0.07950 serr=0.54508 act=1017940 obj=33299.73099 diff=0.00656
iter=226 terr=0.07773 serr=0.54106 act=1017940 obj=33201.57194 diff=0.00295
iter=227 terr=0.07944 serr=0.54265 act=1017940 obj=33213.49991 diff=0.00036
iter=228 terr=0.07804 serr=0.54053 act=1017940 obj=33141.72470 diff=0.00216
iter=229 terr=0.07698 serr=0.53894 act=1017940 obj=33083.65748 diff=0.00175
iter=230 terr=0.07497 serr=0.53407 act=1017940 obj=33018.89904 diff=0.00196
iter=231 terr=0.07487 serr=0.53132 act=1017940 obj=32941.98246 diff=0.00233
iter=232 terr=0.07282 serr=0.52571 act=1017940 obj=33198.30803 diff=0.00778
iter=233 terr=0.07303 serr=0.52878 act=1017940 obj=32885.36558 diff=0.00943
iter=234 terr=0.07296 serr=0.52635 act=1017940 obj=32789.24760 diff=0.00292
iter=235 terr=0.07358 serr=0.52624 act=1017940 obj=32694.44083 diff=0.00289
iter=236 terr=0.07349 serr=0.52508 act=1017940 obj=32658.06809 diff=0.00111
iter=237 terr=0.07427 serr=0.52444 act=1017940 obj=32597.88073 diff=0.00184
iter=238 terr=0.07168 serr=0.51757 act=1017940 obj=32526.54618 diff=0.00219
iter=239 terr=0.06970 serr=0.51206 act=1017940 obj=32471.19035 diff=0.00170
iter=240 terr=0.06893 serr=0.51037 act=1017940 obj=32445.13414 diff=0.00080
iter=241 terr=0.06966 serr=0.51302 act=1017940 obj=32413.89169 diff=0.00096
iter=242 terr=0.06929 serr=0.51132 act=1017940 obj=32370.88239 diff=0.00133
iter=243 terr=0.06907 serr=0.51026 act=1017940 obj=32321.53776 diff=0.00152
iter=244 terr=0.06630 serr=0.50180 act=1017940 obj=32270.36379 diff=0.00158
iter=245 terr=0.06852 serr=0.50868 act=1017940 obj=32209.26826 diff=0.00189
iter=246 terr=0.06860 serr=0.50825 act=1017940 obj=32199.03610 diff=0.00032
iter=247 terr=0.06824 serr=0.50677 act=1017940 obj=32170.32674 diff=0.00089
iter=248 terr=0.06758 serr=0.50370 act=1017940 obj=32110.90169 diff=0.00185
iter=249 terr=0.06782 serr=0.49958 act=1017940 obj=32089.52741 diff=0.00067
iter=250 terr=0.06610 serr=0.49672 act=1017940 obj=32020.52835 diff=0.00215
iter=251 terr=0.06798 serr=0.50021 act=1017940 obj=31999.76616 diff=0.00065
iter=252 terr=0.06696 serr=0.49820 act=1017940 obj=31972.51665 diff=0.00085
iter=253 terr=0.06585 serr=0.49534 act=1017940 obj=31933.94776 diff=0.00121
iter=254 terr=0.06494 serr=0.49302 act=1017940 obj=31904.06707 diff=0.00094
iter=255 terr=0.06424 serr=0.49101 act=1017940 obj=31847.31890 diff=0.00178
iter=256 terr=0.06429 serr=0.49185 act=1017940 obj=31768.61229 diff=0.00247
iter=257 terr=0.06032 serr=0.48138 act=1017940 obj=32689.81591 diff=0.02900
iter=258 terr=0.06346 serr=0.48878 act=1017940 obj=31762.78680 diff=0.02836
iter=259 terr=0.06354 serr=0.48910 act=1017940 obj=31743.77933 diff=0.00060
iter=260 terr=0.06381 serr=0.48942 act=1017940 obj=31723.37879 diff=0.00064
iter=261 terr=0.06401 serr=0.48974 act=1017940 obj=31710.65586 diff=0.00040
iter=262 terr=0.06420 serr=0.49058 act=1017940 obj=31676.69605 diff=0.00107
iter=263 terr=0.06393 serr=0.48751 act=1017940 obj=31628.61175 diff=0.00152
iter=264 terr=0.05895 serr=0.47323 act=1017940 obj=31743.51567 diff=0.00363
iter=265 terr=0.06216 serr=0.48286 act=1017940 obj=31609.40844 diff=0.00422
iter=266 terr=0.06231 serr=0.48095 act=1017940 obj=31545.57859 diff=0.00202
iter=267 terr=0.06228 serr=0.48180 act=1017940 obj=31485.02854 diff=0.00192
iter=268 terr=0.06604 serr=0.48688 act=1017940 obj=31557.41622 diff=0.00230
iter=269 terr=0.06323 serr=0.48413 act=1017940 obj=31443.56308 diff=0.00361
iter=270 terr=0.06249 serr=0.48349 act=1017940 obj=31384.54868 diff=0.00188
iter=271 terr=0.06212 serr=0.48138 act=1017940 obj=31348.54266 diff=0.00115
iter=272 terr=0.06008 serr=0.47376 act=1017940 obj=31310.61410 diff=0.00121
iter=273 terr=0.06123 serr=0.47577 act=1017940 obj=31281.34263 diff=0.00093
iter=274 terr=0.06092 serr=0.47524 act=1017940 obj=31273.18613 diff=0.00026
iter=275 terr=0.06101 serr=0.47429 act=1017940 obj=31259.32312 diff=0.00044
iter=276 terr=0.06064 serr=0.47280 act=1017940 obj=31239.01128 diff=0.00065
iter=277 terr=0.06013 serr=0.46921 act=1017940 obj=31185.39886 diff=0.00172
iter=278 terr=0.05895 serr=0.46349 act=1017940 obj=31110.53832 diff=0.00240
iter=279 terr=0.06879 serr=0.48868 act=1017940 obj=31285.83614 diff=0.00563
iter=280 terr=0.06050 serr=0.46741 act=1017940 obj=31090.88775 diff=0.00623
iter=281 terr=0.05924 serr=0.46370 act=1017940 obj=31053.64173 diff=0.00120
iter=282 terr=0.05928 serr=0.46413 act=1017940 obj=31036.16007 diff=0.00056
iter=283 terr=0.05897 serr=0.46603 act=1017940 obj=31005.29622 diff=0.00099
iter=284 terr=0.05886 serr=0.46487 act=1017940 obj=30965.40571 diff=0.00129
iter=285 terr=0.05880 serr=0.46339 act=1017940 obj=30908.71694 diff=0.00183
iter=286 terr=0.05476 serr=0.45185 act=1017940 obj=31006.59156 diff=0.00317
iter=287 terr=0.05755 serr=0.46011 act=1017940 obj=30896.68837 diff=0.00354
iter=288 terr=0.05833 serr=0.46180 act=1017940 obj=30861.76394 diff=0.00113
iter=289 terr=0.05804 serr=0.46063 act=1017940 obj=30847.73784 diff=0.00045
iter=290 terr=0.05872 serr=0.46190 act=1017940 obj=30831.36594 diff=0.00053
iter=291 terr=0.05815 serr=0.46095 act=1017940 obj=30813.14062 diff=0.00059
iter=292 terr=0.05742 serr=0.46032 act=1017940 obj=30792.55290 diff=0.00067
iter=293 terr=0.05712 serr=0.45989 act=1017940 obj=30775.34658 diff=0.00056
iter=294 terr=0.05997 serr=0.46794 act=1017940 obj=30778.15005 diff=0.00009
iter=295 terr=0.05831 serr=0.46381 act=1017940 obj=30761.34448 diff=0.00055
iter=296 terr=0.05745 serr=0.46116 act=1017940 obj=30739.03335 diff=0.00073
iter=297 terr=0.05725 serr=0.45979 act=1017940 obj=30723.43959 diff=0.00051
iter=298 terr=0.05648 serr=0.45598 act=1017940 obj=30698.16305 diff=0.00082
iter=299 terr=0.05762 serr=0.45725 act=1017940 obj=30674.67009 diff=0.00077
iter=300 terr=0.05744 serr=0.45640 act=1017940 obj=30652.41918 diff=0.00073
iter=301 terr=0.05656 serr=0.45545 act=1017940 obj=30591.91870 diff=0.00197
iter=302 terr=0.06046 serr=0.46402 act=1017940 obj=30599.35246 diff=0.00024
iter=303 terr=0.05806 serr=0.45820 act=1017940 obj=30577.58570 diff=0.00071
iter=304 terr=0.05762 serr=0.45693 act=1017940 obj=30563.40781 diff=0.00046
iter=305 terr=0.05663 serr=0.45354 act=1017940 obj=30518.48765 diff=0.00147
iter=306 terr=0.05649 serr=0.45143 act=1017940 obj=30497.32827 diff=0.00069
iter=307 terr=0.05543 serr=0.44656 act=1017940 obj=30493.65319 diff=0.00012
iter=308 terr=0.05629 serr=0.44857 act=1017940 obj=30473.97681 diff=0.00065
iter=309 terr=0.05653 serr=0.44942 act=1017940 obj=30468.14483 diff=0.00019
iter=310 terr=0.05656 serr=0.44963 act=1017940 obj=30448.72440 diff=0.00064
iter=311 terr=0.06244 serr=0.46730 act=1017940 obj=30509.31182 diff=0.00199
iter=312 terr=0.05826 serr=0.45524 act=1017940 obj=30438.11289 diff=0.00233
iter=313 terr=0.05738 serr=0.45439 act=1017940 obj=30411.65761 diff=0.00087
iter=314 terr=0.05652 serr=0.45323 act=1017940 obj=30378.99139 diff=0.00107
iter=315 terr=0.05589 serr=0.45228 act=1017940 obj=30341.04731 diff=0.00125
iter=316 terr=0.05554 serr=0.45111 act=1017940 obj=30293.91460 diff=0.00155
iter=317 terr=0.05388 serr=0.44180 act=1017940 obj=30255.84931 diff=0.00126
iter=318 terr=0.05735 serr=0.45249 act=1017940 obj=30210.75242 diff=0.00149
iter=319 terr=0.05593 serr=0.44614 act=1017940 obj=30176.77118 diff=0.00112
iter=320 terr=0.05517 serr=0.44180 act=1017940 obj=30146.56976 diff=0.00100
iter=321 terr=0.05452 serr=0.43862 act=1017940 obj=30121.05335 diff=0.00085
iter=322 terr=0.06044 serr=0.45672 act=1017940 obj=31363.57708 diff=0.04125
iter=323 terr=0.05400 serr=0.43704 act=1017940 obj=30106.09095 diff=0.04009
iter=324 terr=0.05438 serr=0.43757 act=1017940 obj=30073.63049 diff=0.00108
iter=325 terr=0.05433 serr=0.43704 act=1017940 obj=30056.04532 diff=0.00058
iter=326 terr=0.05965 serr=0.45598 act=1017940 obj=30094.73538 diff=0.00129
iter=327 terr=0.05574 serr=0.44138 act=1017940 obj=30047.55981 diff=0.00157
iter=328 terr=0.05546 serr=0.44296 act=1017940 obj=30031.25758 diff=0.00054
iter=329 terr=0.05492 serr=0.44116 act=1017940 obj=30014.46888 diff=0.00056
iter=330 terr=0.05403 serr=0.43958 act=1017940 obj=29992.51099 diff=0.00073
iter=331 terr=0.05379 serr=0.43799 act=1017940 obj=29978.17656 diff=0.00048
iter=332 terr=0.05375 serr=0.43598 act=1017940 obj=29954.25309 diff=0.00080
iter=333 terr=0.05441 serr=0.43757 act=1017940 obj=29922.64726 diff=0.00106
iter=334 terr=0.05226 serr=0.42868 act=1017940 obj=29883.18172 diff=0.00132
iter=335 terr=0.05364 serr=0.43439 act=1017940 obj=29852.03428 diff=0.00104
iter=336 terr=0.05338 serr=0.43386 act=1017940 obj=29827.94335 diff=0.00081
iter=337 terr=0.05295 serr=0.43291 act=1017940 obj=29800.62607 diff=0.00092
iter=338 terr=0.05238 serr=0.43079 act=1017940 obj=29777.40253 diff=0.00078
iter=339 terr=0.05291 serr=0.43016 act=1017940 obj=29752.00929 diff=0.00085
iter=340 terr=0.05131 serr=0.42529 act=1017940 obj=29736.98393 diff=0.00051
iter=341 terr=0.05290 serr=0.43048 act=1017940 obj=29726.39162 diff=0.00036
iter=342 terr=0.05289 serr=0.43101 act=1017940 obj=29723.38519 diff=0.00010
iter=343 terr=0.05297 serr=0.43217 act=1017940 obj=29712.34763 diff=0.00037
iter=344 terr=0.05269 serr=0.43101 act=1017940 obj=29696.42832 diff=0.00054
iter=345 terr=0.05163 serr=0.42751 act=1017940 obj=29640.37493 diff=0.00189
iter=346 terr=0.05149 serr=0.42624 act=1017940 obj=29604.51150 diff=0.00121
iter=347 terr=0.04838 serr=0.41556 act=1017940 obj=29597.97428 diff=0.00022
iter=348 terr=0.05132 serr=0.42444 act=1017940 obj=29557.97700 diff=0.00135
iter=349 terr=0.05162 serr=0.42550 act=1017940 obj=29548.91412 diff=0.00031
iter=350 terr=0.05188 serr=0.42677 act=1017940 obj=29533.65546 diff=0.00052
iter=351 terr=0.05282 serr=0.43048 act=1017940 obj=29534.90049 diff=0.00004
iter=352 terr=0.05225 serr=0.42868 act=1017940 obj=29521.67174 diff=0.00045
iter=353 terr=0.05228 serr=0.42730 act=1017940 obj=29491.42923 diff=0.00102
iter=354 terr=0.05127 serr=0.42180 act=1017940 obj=29449.08912 diff=0.00144
iter=355 terr=0.05380 serr=0.42921 act=1017940 obj=29449.17651 diff=0.00000
iter=356 terr=0.05244 serr=0.42540 act=1017940 obj=29441.46248 diff=0.00026
iter=357 terr=0.05184 serr=0.42444 act=1017940 obj=29433.75892 diff=0.00026
iter=358 terr=0.05113 serr=0.42328 act=1017940 obj=29429.28781 diff=0.00015
iter=359 terr=0.05079 serr=0.42148 act=1017940 obj=29424.54950 diff=0.00016
iter=360 terr=0.05013 serr=0.41979 act=1017940 obj=29411.98007 diff=0.00043
iter=361 terr=0.04985 serr=0.41767 act=1017940 obj=29393.28598 diff=0.00064
iter=362 terr=0.05063 serr=0.42042 act=1017940 obj=29371.39761 diff=0.00074
iter=363 terr=0.04945 serr=0.41608 act=1017940 obj=29352.66471 diff=0.00064
iter=364 terr=0.05060 serr=0.41905 act=1017940 obj=29339.87236 diff=0.00044
iter=365 terr=0.05068 serr=0.41905 act=1017940 obj=29333.75241 diff=0.00021
iter=366 terr=0.05057 serr=0.41820 act=1017940 obj=29319.76581 diff=0.00048
iter=367 terr=0.05014 serr=0.41587 act=1017940 obj=29307.24386 diff=0.00043
iter=368 terr=0.04955 serr=0.41376 act=1017940 obj=29292.77632 diff=0.00049
iter=369 terr=0.04895 serr=0.41143 act=1017940 obj=29286.09713 diff=0.00023
iter=370 terr=0.04921 serr=0.41280 act=1017940 obj=29275.84021 diff=0.00035
iter=371 terr=0.04595 serr=0.40497 act=1017940 obj=29326.83483 diff=0.00174
iter=372 terr=0.04819 serr=0.40963 act=1017940 obj=29270.59459 diff=0.00192
iter=373 terr=0.04869 serr=0.41206 act=1017940 obj=29261.82815 diff=0.00030
iter=374 terr=0.04974 serr=0.41725 act=1017940 obj=29246.81530 diff=0.00051
iter=375 terr=0.05013 serr=0.41799 act=1017940 obj=29240.91531 diff=0.00020
iter=376 terr=0.05001 serr=0.41693 act=1017940 obj=29230.71655 diff=0.00035
iter=377 terr=0.04987 serr=0.41481 act=1017940 obj=29218.05658 diff=0.00043
iter=378 terr=0.04931 serr=0.41164 act=1017940 obj=29200.26352 diff=0.00061
iter=379 terr=0.04808 serr=0.40931 act=1017940 obj=29196.11113 diff=0.00014
iter=380 terr=0.05023 serr=0.41333 act=1017940 obj=29183.17890 diff=0.00044
iter=381 terr=0.04926 serr=0.41090 act=1017940 obj=29176.79331 diff=0.00022
iter=382 terr=0.04905 serr=0.41101 act=1017940 obj=29174.78740 diff=0.00007
iter=383 terr=0.04868 serr=0.41016 act=1017940 obj=29171.58078 diff=0.00011
iter=384 terr=0.04844 serr=0.40984 act=1017940 obj=29160.63730 diff=0.00038
iter=385 terr=0.04843 serr=0.41196 act=1017940 obj=29141.94472 diff=0.00064
iter=386 terr=0.04746 serr=0.40561 act=1017940 obj=29126.19197 diff=0.00054
iter=387 terr=0.05054 serr=0.41333 act=1017940 obj=29128.77615 diff=0.00009
iter=388 terr=0.04869 serr=0.40868 act=1017940 obj=29117.48003 diff=0.00039
iter=389 terr=0.04830 serr=0.40720 act=1017940 obj=29109.82477 diff=0.00026
iter=390 terr=0.04744 serr=0.40169 act=1017940 obj=29090.64103 diff=0.00066
iter=391 terr=0.04740 serr=0.40148 act=1017940 obj=29079.03997 diff=0.00040
iter=392 terr=0.04720 serr=0.40042 act=1017940 obj=29053.96740 diff=0.00086
iter=393 terr=0.04879 serr=0.40899 act=1017940 obj=29056.99871 diff=0.00010
iter=394 terr=0.04778 serr=0.40349 act=1017940 obj=29049.31867 diff=0.00026
iter=395 terr=0.04761 serr=0.40328 act=1017940 obj=29045.65270 diff=0.00013
iter=396 terr=0.04918 serr=0.40772 act=1017940 obj=29040.14561 diff=0.00019
iter=397 terr=0.04720 serr=0.40201 act=1017940 obj=29032.42827 diff=0.00027
iter=398 terr=0.04735 serr=0.40222 act=1017940 obj=29030.70380 diff=0.00006
iter=399 terr=0.04737 serr=0.40169 act=1017940 obj=29026.87051 diff=0.00013
iter=400 terr=0.04750 serr=0.40074 act=1017940 obj=29017.04579 diff=0.00034
iter=401 terr=0.04729 serr=0.39725 act=1017940 obj=29000.50309 diff=0.00057
iter=402 terr=0.04746 serr=0.39841 act=1017940 obj=28979.67957 diff=0.00072
iter=403 terr=0.04235 serr=0.37524 act=1017940 obj=29045.34073 diff=0.00227
iter=404 terr=0.04590 serr=0.39164 act=1017940 obj=28973.55801 diff=0.00247
iter=405 terr=0.04699 serr=0.39471 act=1017940 obj=28964.15199 diff=0.00032
iter=406 terr=0.04641 serr=0.39376 act=1017940 obj=28960.11767 diff=0.00014
iter=407 terr=0.04632 serr=0.39418 act=1017940 obj=28957.32640 diff=0.00010
iter=408 terr=0.04659 serr=0.39545 act=1017940 obj=28939.70445 diff=0.00061
iter=409 terr=0.04658 serr=0.39450 act=1017940 obj=28926.35429 diff=0.00046
iter=410 terr=0.04729 serr=0.39661 act=1017940 obj=28918.23055 diff=0.00028
iter=411 terr=0.04619 serr=0.39228 act=1017940 obj=28912.65945 diff=0.00019
iter=412 terr=0.04625 serr=0.39164 act=1017940 obj=28910.50997 diff=0.00007
iter=413 terr=0.04581 serr=0.38878 act=1017940 obj=28901.82324 diff=0.00030
iter=414 terr=0.04579 serr=0.38794 act=1017940 obj=28895.93095 diff=0.00020
iter=415 terr=0.04546 serr=0.38635 act=1017940 obj=28888.89219 diff=0.00024
iter=416 terr=0.04534 serr=0.38603 act=1017940 obj=28880.53869 diff=0.00029
iter=417 terr=0.04909 serr=0.40243 act=1017940 obj=28896.40497 diff=0.00055
iter=418 terr=0.04636 serr=0.39132 act=1017940 obj=28873.70338 diff=0.00079
iter=419 terr=0.04530 serr=0.38772 act=1017940 obj=28857.26284 diff=0.00057
iter=420 terr=0.04519 serr=0.38624 act=1017940 obj=28851.65029 diff=0.00019
iter=421 terr=0.04515 serr=0.38624 act=1017940 obj=28841.60906 diff=0.00035
iter=422 terr=0.04554 serr=0.38317 act=1017940 obj=28834.59957 diff=0.00024
iter=423 terr=0.04490 serr=0.38265 act=1017940 obj=28826.10471 diff=0.00029
iter=424 terr=0.04454 serr=0.38159 act=1017940 obj=28821.69429 diff=0.00015
iter=425 terr=0.04449 serr=0.38222 act=1017940 obj=28817.94366 diff=0.00013
iter=426 terr=0.04205 serr=0.37270 act=1017940 obj=28827.28590 diff=0.00032
iter=427 terr=0.04366 serr=0.37968 act=1017940 obj=28815.08007 diff=0.00042
iter=428 terr=0.04386 serr=0.38063 act=1017940 obj=28810.54188 diff=0.00016
iter=429 terr=0.04430 serr=0.38296 act=1017940 obj=28804.10582 diff=0.00022
iter=430 terr=0.04448 serr=0.38339 act=1017940 obj=28799.83605 diff=0.00015
iter=431 terr=0.04477 serr=0.38212 act=1017940 obj=28791.98255 diff=0.00027
iter=432 terr=0.04416 serr=0.38063 act=1017940 obj=28784.25826 diff=0.00027
iter=433 terr=0.04414 serr=0.38053 act=1017940 obj=28779.81918 diff=0.00015
iter=434 terr=0.04180 serr=0.37090 act=1017940 obj=28782.02606 diff=0.00008
iter=435 terr=0.04316 serr=0.37577 act=1017940 obj=28774.62522 diff=0.00026
iter=436 terr=0.04430 serr=0.37947 act=1017940 obj=28767.58930 diff=0.00024
iter=437 terr=0.04431 serr=0.38000 act=1017940 obj=28765.90876 diff=0.00006
iter=438 terr=0.04377 serr=0.37873 act=1017940 obj=28753.64640 diff=0.00043
iter=439 terr=0.04457 serr=0.38032 act=1017940 obj=28755.82280 diff=0.00008
iter=440 terr=0.04404 serr=0.37894 act=1017940 obj=28751.19699 diff=0.00016
iter=441 terr=0.04397 serr=0.37831 act=1017940 obj=28747.13323 diff=0.00014
iter=442 terr=0.04188 serr=0.37090 act=1017940 obj=28751.26965 diff=0.00014
iter=443 terr=0.04318 serr=0.37524 act=1017940 obj=28743.82402 diff=0.00026
iter=444 terr=0.04359 serr=0.37534 act=1017940 obj=28739.43072 diff=0.00015
iter=445 terr=0.04367 serr=0.37556 act=1017940 obj=28735.62791 diff=0.00013
iter=446 terr=0.04363 serr=0.37534 act=1017940 obj=28725.39083 diff=0.00036
iter=447 terr=0.04314 serr=0.37418 act=1017940 obj=28717.51093 diff=0.00027
iter=448 terr=0.04378 serr=0.37556 act=1017940 obj=28714.06819 diff=0.00012
iter=449 terr=0.04177 serr=0.36942 act=1017940 obj=28707.62477 diff=0.00022
iter=450 terr=0.04230 serr=0.37143 act=1017940 obj=28704.48364 diff=0.00011
iter=451 terr=0.04257 serr=0.37206 act=1017940 obj=28703.26320 diff=0.00004
iter=452 terr=0.04256 serr=0.37206 act=1017940 obj=28702.48589 diff=0.00003
iter=453 terr=0.04272 serr=0.37291 act=1017940 obj=28699.24589 diff=0.00011
iter=454 terr=0.04269 serr=0.37407 act=1017940 obj=28693.09767 diff=0.00021
iter=455 terr=0.04327 serr=0.37524 act=1017940 obj=28684.13692 diff=0.00031
iter=456 terr=0.04228 serr=0.37111 act=1017940 obj=28679.24650 diff=0.00017
iter=457 terr=0.04276 serr=0.37238 act=1017940 obj=28673.99941 diff=0.00018
iter=458 terr=0.04288 serr=0.37270 act=1017940 obj=28667.56407 diff=0.00022
iter=459 terr=0.04299 serr=0.37312 act=1017940 obj=28657.71490 diff=0.00034
iter=460 terr=0.04295 serr=0.37196 act=1017940 obj=28654.03243 diff=0.00013
iter=461 terr=0.04240 serr=0.36952 act=1017940 obj=28651.39196 diff=0.00009
iter=462 terr=0.04231 serr=0.36899 act=1017940 obj=28649.79345 diff=0.00006
iter=463 terr=0.04224 serr=0.36836 act=1017940 obj=28645.27720 diff=0.00016
iter=464 terr=0.04396 serr=0.37566 act=1017940 obj=28649.94226 diff=0.00016
iter=465 terr=0.04268 serr=0.37005 act=1017940 obj=28642.96012 diff=0.00024
iter=466 terr=0.04244 serr=0.37005 act=1017940 obj=28639.49875 diff=0.00012
iter=467 terr=0.04241 serr=0.37037 act=1017940 obj=28636.29967 diff=0.00011
iter=468 terr=0.04246 serr=0.37153 act=1017940 obj=28634.08886 diff=0.00008
iter=469 terr=0.04207 serr=0.37005 act=1017940 obj=28630.60104 diff=0.00012
iter=470 terr=0.04232 serr=0.36984 act=1017940 obj=28626.67306 diff=0.00014
iter=471 terr=0.04231 serr=0.36942 act=1017940 obj=28624.30705 diff=0.00008
iter=472 terr=0.04291 serr=0.37069 act=1017940 obj=28622.38390 diff=0.00007
iter=473 terr=0.04262 serr=0.36931 act=1017940 obj=28620.47266 diff=0.00007

Done!930.54 s

